2015-05-12 14:02:31 Error: [MissingDatasourceConfigException] The datasource configuration "authake" was not found in database.php
Exception Attributes: array (
  'config' => 'authake',
)
Request URL: /
Stack Trace:
#0 /var/www/test.dev/buildmaxcake2-v2/lib/Cake/Model/ConnectionManager.php(91): ConnectionManager::_getConnectionObject('authake')
#1 /var/www/test.dev/buildmaxcake2-v2/lib/Cake/Model/Model.php(3613): ConnectionManager::getDataSource('authake')
#2 /var/www/test.dev/buildmaxcake2-v2/lib/Cake/Model/Model.php(1155): Model->setDataSource('authake')
#3 /var/www/test.dev/buildmaxcake2-v2/lib/Cake/Model/Model.php(3640): Model->setSource('authake_rules')
#4 /var/www/test.dev/buildmaxcake2-v2/lib/Cake/Model/Model.php(3018): Model->getDataSource()
#5 /var/www/test.dev/buildmaxcake2-v2/lib/Cake/Model/Model.php(2990): Model->_readDataSource('all', Array)
#6 /var/www/test.dev/buildmaxcake2-v2/app/Plugin/Authake/Model/Rule.php(42): Model->find('all', Array)
#7 /var/www/test.dev/buildmaxcake2-v2/app/Plugin/Authake/Controller/Component/AuthakeComponent.php(252): Rule->getRules(NULL, true)
#8 /var/www/test.dev/buildmaxcake2-v2/app/Plugin/Authake/Controller/Component/AuthakeComponent.php(267): AuthakeComponent->getRules(NULL)
#9 /var/www/test.dev/buildmaxcake2-v2/app/Plugin/Authake/Controller/Component/AuthakeComponent.php(168): AuthakeComponent->isAllowed(Array)
#10 /var/www/test.dev/buildmaxcake2-v2/app/Controller/AppController.php(52): AuthakeComponent->beforeFilter(Object(PagesController))
#11 /var/www/test.dev/buildmaxcake2-v2/app/Controller/AppController.php(46): AppController->auth()
#12 [internal function]: AppController->beforeFilter(Object(CakeEvent))
#13 /var/www/test.dev/buildmaxcake2-v2/lib/Cake/Event/CakeEventManager.php(243): call_user_func(Array, Object(CakeEvent))
#14 /var/www/test.dev/buildmaxcake2-v2/lib/Cake/Controller/Controller.php(676): CakeEventManager->dispatch(Object(CakeEvent))
#15 /var/www/test.dev/buildmaxcake2-v2/lib/Cake/Routing/Dispatcher.php(189): Controller->startupProcess()
#16 /var/www/test.dev/buildmaxcake2-v2/lib/Cake/Routing/Dispatcher.php(167): Dispatcher->_invoke(Object(PagesController), Object(CakeRequest))
#17 /var/www/test.dev/buildmaxcake2-v2/app/webroot/index.php(118): Dispatcher->dispatch(Object(CakeRequest), Object(CakeResponse))
#18 {main}
2015-05-12 14:03:52 Error: [MissingLayoutException] Layout file "Layouts/bootstrap.ctp" is missing.
Exception Attributes: array (
  'file' => 'Layouts/bootstrap.ctp',
)
Request URL: /
Stack Trace:
#0 /var/www/test.dev/buildmaxcake2-v2/lib/Cake/View/View.php(514): View->_getLayoutFileName('bootstrap')
#1 /var/www/test.dev/buildmaxcake2-v2/lib/Cake/View/View.php(481): View->renderLayout('', 'bootstrap')
#2 /var/www/test.dev/buildmaxcake2-v2/lib/Cake/Controller/Controller.php(959): View->render('home', NULL)
#3 /var/www/test.dev/buildmaxcake2-v2/app/Controller/PagesController.php(68): Controller->render('home')
#4 [internal function]: PagesController->display('home')
#5 /var/www/test.dev/buildmaxcake2-v2/lib/Cake/Controller/Controller.php(490): ReflectionMethod->invokeArgs(Object(PagesController), Array)
#6 /var/www/test.dev/buildmaxcake2-v2/lib/Cake/Routing/Dispatcher.php(193): Controller->invokeAction(Object(CakeRequest))
#7 /var/www/test.dev/buildmaxcake2-v2/lib/Cake/Routing/Dispatcher.php(167): Dispatcher->_invoke(Object(PagesController), Object(CakeRequest))
#8 /var/www/test.dev/buildmaxcake2-v2/app/webroot/index.php(118): Dispatcher->dispatch(Object(CakeRequest), Object(CakeResponse))
#9 {main}
2015-05-12 14:04:40 Error: [MissingControllerException] Controller class HomesController could not be found.
Exception Attributes: array (
  'class' => 'HomesController',
  'plugin' => NULL,
)
Request URL: /
Stack Trace:
#0 /var/www/test.dev/buildmaxcake2-v2/app/webroot/index.php(118): Dispatcher->dispatch(Object(CakeRequest), Object(CakeResponse))
#1 {main}
2015-05-12 14:05:03 Error: [MissingViewException] View file "Homes/index.ctp" is missing.
Exception Attributes: array (
  'file' => 'Homes/index.ctp',
)
Request URL: /
Stack Trace:
#0 /var/www/test.dev/buildmaxcake2-v2/lib/Cake/View/View.php(470): View->_getViewFileName(NULL)
#1 /var/www/test.dev/buildmaxcake2-v2/lib/Cake/Controller/Controller.php(959): View->render(NULL, NULL)
#2 /var/www/test.dev/buildmaxcake2-v2/lib/Cake/Routing/Dispatcher.php(200): Controller->render()
#3 /var/www/test.dev/buildmaxcake2-v2/lib/Cake/Routing/Dispatcher.php(167): Dispatcher->_invoke(Object(HomesController), Object(CakeRequest))
#4 /var/www/test.dev/buildmaxcake2-v2/app/webroot/index.php(118): Dispatcher->dispatch(Object(CakeRequest), Object(CakeResponse))
#5 {main}
2015-05-12 14:05:40 Error: [MissingHelperException] Helper class FlashHelper could not be found.
Exception Attributes: array (
  'class' => 'FlashHelper',
  'plugin' => false,
)
Request URL: /
Stack Trace:
#0 /var/www/test.dev/buildmaxcake2-v2/lib/Cake/View/HelperCollection.php(63): HelperCollection->load('Flash')
#1 /var/www/test.dev/buildmaxcake2-v2/lib/Cake/View/View.php(848): HelperCollection->__isset('Flash')
#2 /var/www/test.dev/buildmaxcake2-v2/app/View/Layouts/home.ctp(53): View->__get('Flash')
#3 /var/www/test.dev/buildmaxcake2-v2/lib/Cake/View/View.php(961): include('/var/www/test.d...')
#4 /var/www/test.dev/buildmaxcake2-v2/lib/Cake/View/View.php(923): View->_evaluate('/var/www/test.d...', Array)
#5 /var/www/test.dev/buildmaxcake2-v2/lib/Cake/View/View.php(546): View->_render('/var/www/test.d...')
#6 /var/www/test.dev/buildmaxcake2-v2/lib/Cake/View/View.php(481): View->renderLayout('', 'home')
#7 /var/www/test.dev/buildmaxcake2-v2/lib/Cake/Controller/Controller.php(959): View->render(NULL, NULL)
#8 /var/www/test.dev/buildmaxcake2-v2/lib/Cake/Routing/Dispatcher.php(200): Controller->render()
#9 /var/www/test.dev/buildmaxcake2-v2/lib/Cake/Routing/Dispatcher.php(167): Dispatcher->_invoke(Object(HomesController), Object(CakeRequest))
#10 /var/www/test.dev/buildmaxcake2-v2/app/webroot/index.php(118): Dispatcher->dispatch(Object(CakeRequest), Object(CakeResponse))
#11 {main}
2015-05-12 14:21:30 Error: [MissingControllerException] Controller class Currentsetting.htmController could not be found.
Exception Attributes: array (
  'class' => 'Currentsetting.htmController',
  'plugin' => NULL,
)
Request URL: /currentsetting.htm
Stack Trace:
#0 /var/www/test.dev/buildmaxcake2-v2/app/webroot/index.php(118): Dispatcher->dispatch(Object(CakeRequest), Object(CakeResponse))
#1 {main}
2015-05-12 14:38:59 Error: [MissingControllerException] Controller class Currentsetting.htmController could not be found.
Exception Attributes: array (
  'class' => 'Currentsetting.htmController',
  'plugin' => NULL,
)
Request URL: /currentsetting.htm
Stack Trace:
#0 /var/www/test.dev/buildmaxcake2-v2/app/webroot/index.php(118): Dispatcher->dispatch(Object(CakeRequest), Object(CakeResponse))
#1 {main}
2015-05-12 14:56:27 Error: [MissingControllerException] Controller class Currentsetting.htmController could not be found.
Exception Attributes: array (
  'class' => 'Currentsetting.htmController',
  'plugin' => NULL,
)
Request URL: /currentsetting.htm
Stack Trace:
#0 /var/www/test.dev/buildmaxcake2-v2/app/webroot/index.php(118): Dispatcher->dispatch(Object(CakeRequest), Object(CakeResponse))
#1 {main}
2015-05-12 15:14:51 Error: [MissingControllerException] Controller class Currentsetting.htmController could not be found.
Exception Attributes: array (
  'class' => 'Currentsetting.htmController',
  'plugin' => NULL,
)
Request URL: /currentsetting.htm
Stack Trace:
#0 /var/www/test.dev/buildmaxcake2-v2/app/webroot/index.php(118): Dispatcher->dispatch(Object(CakeRequest), Object(CakeResponse))
#1 {main}
2015-05-12 15:30:53 Error: [MissingControllerException] Controller class JsController could not be found.
Exception Attributes: array (
  'class' => 'JsController',
  'plugin' => NULL,
)
Request URL: /js/bootstrap-theme.min.js
Stack Trace:
#0 /var/www/test.dev/buildmaxcake2-v2/app/webroot/index.php(118): Dispatcher->dispatch(Object(CakeRequest), Object(CakeResponse))
#1 {main}
2015-05-12 15:31:11 Error: [MissingViewException] View file "Cities/index.ctp" is missing.
Exception Attributes: array (
  'file' => 'Cities/index.ctp',
)
Request URL: /cities
Stack Trace:
#0 /var/www/test.dev/buildmaxcake2-v2/lib/Cake/View/View.php(470): View->_getViewFileName(NULL)
#1 /var/www/test.dev/buildmaxcake2-v2/lib/Cake/Controller/Controller.php(959): View->render(NULL, NULL)
#2 /var/www/test.dev/buildmaxcake2-v2/lib/Cake/Routing/Dispatcher.php(200): Controller->render()
#3 /var/www/test.dev/buildmaxcake2-v2/lib/Cake/Routing/Dispatcher.php(167): Dispatcher->_invoke(Object(CitiesController), Object(CakeRequest))
#4 /var/www/test.dev/buildmaxcake2-v2/app/webroot/index.php(118): Dispatcher->dispatch(Object(CakeRequest), Object(CakeResponse))
#5 {main}
2015-05-12 15:31:11 Error: [MissingViewException] View file "Cities/index.ctp" is missing.
Exception Attributes: array (
  'file' => 'Cities/index.ctp',
)
Request URL: /cities
Stack Trace:
#0 /var/www/test.dev/buildmaxcake2-v2/lib/Cake/View/View.php(470): View->_getViewFileName(NULL)
#1 /var/www/test.dev/buildmaxcake2-v2/lib/Cake/Controller/Controller.php(959): View->render(NULL, NULL)
#2 /var/www/test.dev/buildmaxcake2-v2/lib/Cake/Routing/Dispatcher.php(200): Controller->render()
#3 /var/www/test.dev/buildmaxcake2-v2/lib/Cake/Routing/Dispatcher.php(167): Dispatcher->_invoke(Object(CitiesController), Object(CakeRequest))
#4 /var/www/test.dev/buildmaxcake2-v2/app/webroot/index.php(118): Dispatcher->dispatch(Object(CakeRequest), Object(CakeResponse))
#5 {main}
2015-05-12 15:31:23 Error: [MissingViewException] View file "States/index.ctp" is missing.
Exception Attributes: array (
  'file' => 'States/index.ctp',
)
Request URL: /states
Stack Trace:
#0 /var/www/test.dev/buildmaxcake2-v2/lib/Cake/View/View.php(470): View->_getViewFileName(NULL)
#1 /var/www/test.dev/buildmaxcake2-v2/lib/Cake/Controller/Controller.php(959): View->render(NULL, NULL)
#2 /var/www/test.dev/buildmaxcake2-v2/lib/Cake/Routing/Dispatcher.php(200): Controller->render()
#3 /var/www/test.dev/buildmaxcake2-v2/lib/Cake/Routing/Dispatcher.php(167): Dispatcher->_invoke(Object(StatesController), Object(CakeRequest))
#4 /var/www/test.dev/buildmaxcake2-v2/app/webroot/index.php(118): Dispatcher->dispatch(Object(CakeRequest), Object(CakeResponse))
#5 {main}
2015-05-12 15:31:23 Error: [MissingViewException] View file "States/index.ctp" is missing.
Exception Attributes: array (
  'file' => 'States/index.ctp',
)
Request URL: /states
Stack Trace:
#0 /var/www/test.dev/buildmaxcake2-v2/lib/Cake/View/View.php(470): View->_getViewFileName(NULL)
#1 /var/www/test.dev/buildmaxcake2-v2/lib/Cake/Controller/Controller.php(959): View->render(NULL, NULL)
#2 /var/www/test.dev/buildmaxcake2-v2/lib/Cake/Routing/Dispatcher.php(200): Controller->render()
#3 /var/www/test.dev/buildmaxcake2-v2/lib/Cake/Routing/Dispatcher.php(167): Dispatcher->_invoke(Object(StatesController), Object(CakeRequest))
#4 /var/www/test.dev/buildmaxcake2-v2/app/webroot/index.php(118): Dispatcher->dispatch(Object(CakeRequest), Object(CakeResponse))
#5 {main}
2015-05-12 15:31:29 Error: [MissingViewException] View file "Units/index.ctp" is missing.
Exception Attributes: array (
  'file' => 'Units/index.ctp',
)
Request URL: /units
Stack Trace:
#0 /var/www/test.dev/buildmaxcake2-v2/lib/Cake/View/View.php(470): View->_getViewFileName(NULL)
#1 /var/www/test.dev/buildmaxcake2-v2/lib/Cake/Controller/Controller.php(959): View->render(NULL, NULL)
#2 /var/www/test.dev/buildmaxcake2-v2/lib/Cake/Routing/Dispatcher.php(200): Controller->render()
#3 /var/www/test.dev/buildmaxcake2-v2/lib/Cake/Routing/Dispatcher.php(167): Dispatcher->_invoke(Object(UnitsController), Object(CakeRequest))
#4 /var/www/test.dev/buildmaxcake2-v2/app/webroot/index.php(118): Dispatcher->dispatch(Object(CakeRequest), Object(CakeResponse))
#5 {main}
2015-05-12 15:31:29 Error: [MissingViewException] View file "Units/index.ctp" is missing.
Exception Attributes: array (
  'file' => 'Units/index.ctp',
)
Request URL: /units
Stack Trace:
#0 /var/www/test.dev/buildmaxcake2-v2/lib/Cake/View/View.php(470): View->_getViewFileName(NULL)
#1 /var/www/test.dev/buildmaxcake2-v2/lib/Cake/Controller/Controller.php(959): View->render(NULL, NULL)
#2 /var/www/test.dev/buildmaxcake2-v2/lib/Cake/Routing/Dispatcher.php(200): Controller->render()
#3 /var/www/test.dev/buildmaxcake2-v2/lib/Cake/Routing/Dispatcher.php(167): Dispatcher->_invoke(Object(UnitsController), Object(CakeRequest))
#4 /var/www/test.dev/buildmaxcake2-v2/app/webroot/index.php(118): Dispatcher->dispatch(Object(CakeRequest), Object(CakeResponse))
#5 {main}
2015-05-12 15:31:59 Error: [MissingControllerException] Controller class JsController could not be found.
Exception Attributes: array (
  'class' => 'JsController',
  'plugin' => NULL,
)
Request URL: /js/bootstrap-theme.min.js
Stack Trace:
#0 /var/www/test.dev/buildmaxcake2-v2/app/webroot/index.php(118): Dispatcher->dispatch(Object(CakeRequest), Object(CakeResponse))
#1 {main}
2015-05-12 15:32:42 Error: [MissingControllerException] Controller class Currentsetting.htmController could not be found.
Exception Attributes: array (
  'class' => 'Currentsetting.htmController',
  'plugin' => NULL,
)
Request URL: /currentsetting.htm
Stack Trace:
#0 /var/www/test.dev/buildmaxcake2-v2/app/webroot/index.php(118): Dispatcher->dispatch(Object(CakeRequest), Object(CakeResponse))
#1 {main}
2015-05-12 15:38:15 Error: [MissingControllerException] Controller class JsController could not be found.
Exception Attributes: array (
  'class' => 'JsController',
  'plugin' => NULL,
)
Request URL: /js/bootstrap-theme.min.js
Stack Trace:
#0 /var/www/test.dev/buildmaxcake2-v2/app/webroot/index.php(118): Dispatcher->dispatch(Object(CakeRequest), Object(CakeResponse))
#1 {main}
2015-05-12 15:38:22 Error: [MissingViewException] View file "States/index.ctp" is missing.
Exception Attributes: array (
  'file' => 'States/index.ctp',
)
Request URL: /states
Stack Trace:
#0 /var/www/test.dev/buildmaxcake2-v2/lib/Cake/View/View.php(470): View->_getViewFileName(NULL)
#1 /var/www/test.dev/buildmaxcake2-v2/lib/Cake/Controller/Controller.php(959): View->render(NULL, NULL)
#2 /var/www/test.dev/buildmaxcake2-v2/lib/Cake/Routing/Dispatcher.php(200): Controller->render()
#3 /var/www/test.dev/buildmaxcake2-v2/lib/Cake/Routing/Dispatcher.php(167): Dispatcher->_invoke(Object(StatesController), Object(CakeRequest))
#4 /var/www/test.dev/buildmaxcake2-v2/app/webroot/index.php(118): Dispatcher->dispatch(Object(CakeRequest), Object(CakeResponse))
#5 {main}
2015-05-12 15:38:30 Error: [MissingViewException] View file "Units/index.ctp" is missing.
Exception Attributes: array (
  'file' => 'Units/index.ctp',
)
Request URL: /units
Stack Trace:
#0 /var/www/test.dev/buildmaxcake2-v2/lib/Cake/View/View.php(470): View->_getViewFileName(NULL)
#1 /var/www/test.dev/buildmaxcake2-v2/lib/Cake/Controller/Controller.php(959): View->render(NULL, NULL)
#2 /var/www/test.dev/buildmaxcake2-v2/lib/Cake/Routing/Dispatcher.php(200): Controller->render()
#3 /var/www/test.dev/buildmaxcake2-v2/lib/Cake/Routing/Dispatcher.php(167): Dispatcher->_invoke(Object(UnitsController), Object(CakeRequest))
#4 /var/www/test.dev/buildmaxcake2-v2/app/webroot/index.php(118): Dispatcher->dispatch(Object(CakeRequest), Object(CakeResponse))
#5 {main}
2015-05-12 15:49:59 Error: [MissingControllerException] Controller class Currentsetting.htmController could not be found.
Exception Attributes: array (
  'class' => 'Currentsetting.htmController',
  'plugin' => NULL,
)
Request URL: /currentsetting.htm
Stack Trace:
#0 /var/www/test.dev/buildmaxcake2-v2/app/webroot/index.php(118): Dispatcher->dispatch(Object(CakeRequest), Object(CakeResponse))
#1 {main}
2015-05-12 16:07:22 Error: [MissingControllerException] Controller class Currentsetting.htmController could not be found.
Exception Attributes: array (
  'class' => 'Currentsetting.htmController',
  'plugin' => NULL,
)
Request URL: /currentsetting.htm
Stack Trace:
#0 /var/www/test.dev/buildmaxcake2-v2/app/webroot/index.php(118): Dispatcher->dispatch(Object(CakeRequest), Object(CakeResponse))
#1 {main}
2015-05-12 16:12:23 Error: [MissingControllerException] Controller class JsController could not be found.
Exception Attributes: array (
  'class' => 'JsController',
  'plugin' => NULL,
)
Request URL: /js/bootstrap-theme.min.js
Stack Trace:
#0 /var/www/test.dev/buildmaxcake2-v2/app/webroot/index.php(118): Dispatcher->dispatch(Object(CakeRequest), Object(CakeResponse))
#1 {main}
2015-05-12 16:12:39 Error: [MissingViewException] View file "Units/index.ctp" is missing.
Exception Attributes: array (
  'file' => 'Units/index.ctp',
)
Request URL: /units
Stack Trace:
#0 /var/www/test.dev/buildmaxcake2-v2/lib/Cake/View/View.php(470): View->_getViewFileName(NULL)
#1 /var/www/test.dev/buildmaxcake2-v2/lib/Cake/Controller/Controller.php(959): View->render(NULL, NULL)
#2 /var/www/test.dev/buildmaxcake2-v2/lib/Cake/Routing/Dispatcher.php(200): Controller->render()
#3 /var/www/test.dev/buildmaxcake2-v2/lib/Cake/Routing/Dispatcher.php(167): Dispatcher->_invoke(Object(UnitsController), Object(CakeRequest))
#4 /var/www/test.dev/buildmaxcake2-v2/app/webroot/index.php(118): Dispatcher->dispatch(Object(CakeRequest), Object(CakeResponse))
#5 {main}
2015-05-12 16:12:39 Error: [MissingViewException] View file "Units/index.ctp" is missing.
Exception Attributes: array (
  'file' => 'Units/index.ctp',
)
Request URL: /units
Stack Trace:
#0 /var/www/test.dev/buildmaxcake2-v2/lib/Cake/View/View.php(470): View->_getViewFileName(NULL)
#1 /var/www/test.dev/buildmaxcake2-v2/lib/Cake/Controller/Controller.php(959): View->render(NULL, NULL)
#2 /var/www/test.dev/buildmaxcake2-v2/lib/Cake/Routing/Dispatcher.php(200): Controller->render()
#3 /var/www/test.dev/buildmaxcake2-v2/lib/Cake/Routing/Dispatcher.php(167): Dispatcher->_invoke(Object(UnitsController), Object(CakeRequest))
#4 /var/www/test.dev/buildmaxcake2-v2/app/webroot/index.php(118): Dispatcher->dispatch(Object(CakeRequest), Object(CakeResponse))
#5 {main}
2015-05-12 16:12:49 Error: [MissingViewException] View file "Cities/index.ctp" is missing.
Exception Attributes: array (
  'file' => 'Cities/index.ctp',
)
Request URL: /cities
Stack Trace:
#0 /var/www/test.dev/buildmaxcake2-v2/lib/Cake/View/View.php(470): View->_getViewFileName(NULL)
#1 /var/www/test.dev/buildmaxcake2-v2/lib/Cake/Controller/Controller.php(959): View->render(NULL, NULL)
#2 /var/www/test.dev/buildmaxcake2-v2/lib/Cake/Routing/Dispatcher.php(200): Controller->render()
#3 /var/www/test.dev/buildmaxcake2-v2/lib/Cake/Routing/Dispatcher.php(167): Dispatcher->_invoke(Object(CitiesController), Object(CakeRequest))
#4 /var/www/test.dev/buildmaxcake2-v2/app/webroot/index.php(118): Dispatcher->dispatch(Object(CakeRequest), Object(CakeResponse))
#5 {main}
2015-05-12 16:12:49 Error: [MissingViewException] View file "Cities/index.ctp" is missing.
Exception Attributes: array (
  'file' => 'Cities/index.ctp',
)
Request URL: /cities
Stack Trace:
#0 /var/www/test.dev/buildmaxcake2-v2/lib/Cake/View/View.php(470): View->_getViewFileName(NULL)
#1 /var/www/test.dev/buildmaxcake2-v2/lib/Cake/Controller/Controller.php(959): View->render(NULL, NULL)
#2 /var/www/test.dev/buildmaxcake2-v2/lib/Cake/Routing/Dispatcher.php(200): Controller->render()
#3 /var/www/test.dev/buildmaxcake2-v2/lib/Cake/Routing/Dispatcher.php(167): Dispatcher->_invoke(Object(CitiesController), Object(CakeRequest))
#4 /var/www/test.dev/buildmaxcake2-v2/app/webroot/index.php(118): Dispatcher->dispatch(Object(CakeRequest), Object(CakeResponse))
#5 {main}
2015-05-12 16:16:28 Error: [MissingControllerException] Controller class JsController could not be found.
Exception Attributes: array (
  'class' => 'JsController',
  'plugin' => NULL,
)
Request URL: /js/bootstrap-theme.min.js
Stack Trace:
#0 /var/www/test.dev/buildmaxcake2-v2/app/webroot/index.php(118): Dispatcher->dispatch(Object(CakeRequest), Object(CakeResponse))
#1 {main}
2015-05-12 16:16:33 Error: [MissingControllerException] Controller class JsController could not be found.
Exception Attributes: array (
  'class' => 'JsController',
  'plugin' => NULL,
)
Request URL: /js/bootstrap-theme.min.js
Stack Trace:
#0 /var/www/test.dev/buildmaxcake2-v2/app/webroot/index.php(118): Dispatcher->dispatch(Object(CakeRequest), Object(CakeResponse))
#1 {main}
2015-05-12 16:16:39 Error: [MissingControllerException] Controller class JsController could not be found.
Exception Attributes: array (
  'class' => 'JsController',
  'plugin' => NULL,
)
Request URL: /js/bootstrap-theme.min.js
Stack Trace:
#0 /var/www/test.dev/buildmaxcake2-v2/app/webroot/index.php(118): Dispatcher->dispatch(Object(CakeRequest), Object(CakeResponse))
#1 {main}
2015-05-12 16:16:44 Error: [MissingViewException] View file "ApplicationsLeases/index.ctp" is missing.
Exception Attributes: array (
  'file' => 'ApplicationsLeases/index.ctp',
)
Request URL: /applications_leases
Stack Trace:
#0 /var/www/test.dev/buildmaxcake2-v2/lib/Cake/View/View.php(470): View->_getViewFileName(NULL)
#1 /var/www/test.dev/buildmaxcake2-v2/lib/Cake/Controller/Controller.php(959): View->render(NULL, NULL)
#2 /var/www/test.dev/buildmaxcake2-v2/lib/Cake/Routing/Dispatcher.php(200): Controller->render()
#3 /var/www/test.dev/buildmaxcake2-v2/lib/Cake/Routing/Dispatcher.php(167): Dispatcher->_invoke(Object(ApplicationsLeasesController), Object(CakeRequest))
#4 /var/www/test.dev/buildmaxcake2-v2/app/webroot/index.php(118): Dispatcher->dispatch(Object(CakeRequest), Object(CakeResponse))
#5 {main}
2015-05-12 16:16:44 Error: [MissingViewException] View file "ApplicationsLeases/index.ctp" is missing.
Exception Attributes: array (
  'file' => 'ApplicationsLeases/index.ctp',
)
Request URL: /applications_leases
Stack Trace:
#0 /var/www/test.dev/buildmaxcake2-v2/lib/Cake/View/View.php(470): View->_getViewFileName(NULL)
#1 /var/www/test.dev/buildmaxcake2-v2/lib/Cake/Controller/Controller.php(959): View->render(NULL, NULL)
#2 /var/www/test.dev/buildmaxcake2-v2/lib/Cake/Routing/Dispatcher.php(200): Controller->render()
#3 /var/www/test.dev/buildmaxcake2-v2/lib/Cake/Routing/Dispatcher.php(167): Dispatcher->_invoke(Object(ApplicationsLeasesController), Object(CakeRequest))
#4 /var/www/test.dev/buildmaxcake2-v2/app/webroot/index.php(118): Dispatcher->dispatch(Object(CakeRequest), Object(CakeResponse))
#5 {main}
2015-05-12 16:24:52 Error: [MissingControllerException] Controller class Currentsetting.htmController could not be found.
Exception Attributes: array (
  'class' => 'Currentsetting.htmController',
  'plugin' => NULL,
)
Request URL: /currentsetting.htm
Stack Trace:
#0 /var/www/test.dev/buildmaxcake2-v2/app/webroot/index.php(118): Dispatcher->dispatch(Object(CakeRequest), Object(CakeResponse))
#1 {main}
2015-05-12 16:42:21 Error: [MissingControllerException] Controller class Currentsetting.htmController could not be found.
Exception Attributes: array (
  'class' => 'Currentsetting.htmController',
  'plugin' => NULL,
)
Request URL: /currentsetting.htm
Stack Trace:
#0 /var/www/test.dev/buildmaxcake2-v2/app/webroot/index.php(118): Dispatcher->dispatch(Object(CakeRequest), Object(CakeResponse))
#1 {main}
2015-05-12 16:45:35 Error: [MissingControllerException] Controller class JsController could not be found.
Exception Attributes: array (
  'class' => 'JsController',
  'plugin' => NULL,
)
Request URL: /js/bootstrap-theme.min.js
Stack Trace:
#0 /var/www/test.dev/buildmaxcake2-v2/app/webroot/index.php(118): Dispatcher->dispatch(Object(CakeRequest), Object(CakeResponse))
#1 {main}
2015-05-12 16:49:55 Error: [MissingControllerException] Controller class JsController could not be found.
Exception Attributes: array (
  'class' => 'JsController',
  'plugin' => NULL,
)
Request URL: /js/bootstrap-theme.min.js
Stack Trace:
#0 /var/www/test.dev/buildmaxcake2-v2/app/webroot/index.php(118): Dispatcher->dispatch(Object(CakeRequest), Object(CakeResponse))
#1 {main}
2015-05-12 16:50:00 Error: [MissingControllerException] Controller class JsController could not be found.
Exception Attributes: array (
  'class' => 'JsController',
  'plugin' => NULL,
)
Request URL: /js/bootstrap-theme.min.js
Stack Trace:
#0 /var/www/test.dev/buildmaxcake2-v2/app/webroot/index.php(118): Dispatcher->dispatch(Object(CakeRequest), Object(CakeResponse))
#1 {main}
2015-05-13 09:27:08 Error: [MissingControllerException] Controller class Currentsetting.htmController could not be found.
Exception Attributes: array (
  'class' => 'Currentsetting.htmController',
  'plugin' => NULL,
)
Request URL: /currentsetting.htm
Stack Trace:
#0 /var/www/test.dev/buildmaxcake2-v2/app/webroot/index.php(118): Dispatcher->dispatch(Object(CakeRequest), Object(CakeResponse))
#1 {main}
2015-05-22 06:32:56 Error: [MissingControllerException] Controller class JsController could not be found.
Exception Attributes: array (
  'class' => 'JsController',
  'plugin' => NULL,
)
Request URL: /js/bootstrap-theme.min.js
Stack Trace:
#0 /var/www/test.dev/buildmaxcake2-v2/app/webroot/index.php(118): Dispatcher->dispatch(Object(CakeRequest), Object(CakeResponse))
#1 {main}
2015-05-22 06:33:46 Error: [MissingControllerException] Controller class ParticipantsController could not be found.
Exception Attributes: array (
  'class' => 'ParticipantsController',
  'plugin' => NULL,
)
Request URL: /participants/
Stack Trace:
#0 /var/www/test.dev/buildmaxcake2-v2/app/webroot/index.php(118): Dispatcher->dispatch(Object(CakeRequest), Object(CakeResponse))
#1 {main}
2015-05-22 06:41:31 Error: [MissingControllerException] Controller class JsController could not be found.
Exception Attributes: array (
  'class' => 'JsController',
  'plugin' => NULL,
)
Request URL: /js/bootstrap-theme.min.js
Stack Trace:
#0 /var/www/test.dev/buildmaxcake2-v2/app/webroot/index.php(118): Dispatcher->dispatch(Object(CakeRequest), Object(CakeResponse))
#1 {main}
2015-05-22 07:07:27 Error: [MissingControllerException] Controller class Wp-adminController could not be found.
Exception Attributes: array (
  'class' => 'Wp-adminController',
  'plugin' => NULL,
)
Request URL: /wp-admin/admin-ajax.php
Stack Trace:
#0 /var/www/test.dev/buildmaxcake2-v2/app/webroot/index.php(118): Dispatcher->dispatch(Object(CakeRequest), Object(CakeResponse))
#1 {main}
2015-05-22 07:08:27 Error: [MissingControllerException] Controller class Wp-adminController could not be found.
Exception Attributes: array (
  'class' => 'Wp-adminController',
  'plugin' => NULL,
)
Request URL: /wp-admin/admin-ajax.php
Stack Trace:
#0 /var/www/test.dev/buildmaxcake2-v2/app/webroot/index.php(118): Dispatcher->dispatch(Object(CakeRequest), Object(CakeResponse))
#1 {main}
2015-05-22 07:10:27 Error: [MissingControllerException] Controller class Wp-adminController could not be found.
Exception Attributes: array (
  'class' => 'Wp-adminController',
  'plugin' => NULL,
)
Request URL: /wp-admin/admin-ajax.php
Stack Trace:
#0 /var/www/test.dev/buildmaxcake2-v2/app/webroot/index.php(118): Dispatcher->dispatch(Object(CakeRequest), Object(CakeResponse))
#1 {main}
2015-05-22 07:12:27 Error: [MissingControllerException] Controller class Wp-adminController could not be found.
Exception Attributes: array (
  'class' => 'Wp-adminController',
  'plugin' => NULL,
)
Request URL: /wp-admin/admin-ajax.php
Stack Trace:
#0 /var/www/test.dev/buildmaxcake2-v2/app/webroot/index.php(118): Dispatcher->dispatch(Object(CakeRequest), Object(CakeResponse))
#1 {main}
2015-05-22 07:14:06 Error: [MissingControllerException] Controller class Wp-adminController could not be found.
Exception Attributes: array (
  'class' => 'Wp-adminController',
  'plugin' => NULL,
)
Request URL: /wp-admin/admin-ajax.php
Stack Trace:
#0 /var/www/test.dev/buildmaxcake2-v2/app/webroot/index.php(118): Dispatcher->dispatch(Object(CakeRequest), Object(CakeResponse))
#1 {main}
2015-05-22 09:46:26 Error: [MissingControllerException] Controller class JsController could not be found.
Exception Attributes: array (
  'class' => 'JsController',
  'plugin' => NULL,
)
Request URL: /js/bootstrap-theme.min.js
Stack Trace:
#0 /var/www/test.dev/buildmaxcake2-v2/app/webroot/index.php(118): Dispatcher->dispatch(Object(CakeRequest), Object(CakeResponse))
#1 {main}
2015-05-22 09:52:52 Error: [MissingControllerException] Controller class ParticipantsController could not be found.
Exception Attributes: array (
  'class' => 'ParticipantsController',
  'plugin' => NULL,
)
Request URL: /participants
Stack Trace:
#0 /var/www/test.dev/buildmaxcake2-v2/app/webroot/index.php(118): Dispatcher->dispatch(Object(CakeRequest), Object(CakeResponse))
#1 {main}
2015-05-22 09:53:21 Error: [MissingControllerException] Controller class Currentsetting.htmController could not be found.
Exception Attributes: array (
  'class' => 'Currentsetting.htmController',
  'plugin' => NULL,
)
Request URL: /currentsetting.htm
Stack Trace:
#0 /var/www/test.dev/buildmaxcake2-v2/app/webroot/index.php(118): Dispatcher->dispatch(Object(CakeRequest), Object(CakeResponse))
#1 {main}
2015-05-22 09:56:29 Error: Fatal Error (1): Call to a member function allow() on a non-object in [/var/www/test.dev/buildmaxcake2-v2/app/Controller/ParticipantsController.php, line 27]
2015-05-22 09:56:29 Error: [FatalErrorException] Call to a member function allow() on a non-object
Request URL: /participants/add
Stack Trace:
#0 /var/www/test.dev/buildmaxcake2-v2/lib/Cake/Error/ErrorHandler.php(203): ErrorHandler::handleFatalError(1, 'Call to a membe...', '/var/www/test.d...', 27)
#1 [internal function]: ErrorHandler::handleError(1, 'Call to a membe...', '/var/www/test.d...', 27, Array)
#2 /var/www/test.dev/buildmaxcake2-v2/lib/Cake/Core/App.php(931): call_user_func('ErrorHandler::h...', 1, 'Call to a membe...', '/var/www/test.d...', 27, Array)
#3 /var/www/test.dev/buildmaxcake2-v2/lib/Cake/Core/App.php(904): App::_checkFatalError()
#4 [internal function]: App::shutdown()
#5 {main}
2015-05-22 09:56:40 Error: Fatal Error (1): Call to a member function allow() on a non-object in [/var/www/test.dev/buildmaxcake2-v2/app/Controller/ParticipantsController.php, line 27]
2015-05-22 09:56:40 Error: [FatalErrorException] Call to a member function allow() on a non-object
Request URL: /participants
Stack Trace:
#0 /var/www/test.dev/buildmaxcake2-v2/lib/Cake/Error/ErrorHandler.php(203): ErrorHandler::handleFatalError(1, 'Call to a membe...', '/var/www/test.d...', 27)
#1 [internal function]: ErrorHandler::handleError(1, 'Call to a membe...', '/var/www/test.d...', 27, Array)
#2 /var/www/test.dev/buildmaxcake2-v2/lib/Cake/Core/App.php(931): call_user_func('ErrorHandler::h...', 1, 'Call to a membe...', '/var/www/test.d...', 27, Array)
#3 /var/www/test.dev/buildmaxcake2-v2/lib/Cake/Core/App.php(904): App::_checkFatalError()
#4 [internal function]: App::shutdown()
#5 {main}
2015-05-22 09:59:03 Error: Fatal Error (1): Call to a member function allow() on a non-object in [/var/www/test.dev/buildmaxcake2-v2/app/Controller/ParticipantsController.php, line 27]
2015-05-22 09:59:03 Error: [FatalErrorException] Call to a member function allow() on a non-object
Request URL: /participants/add
Stack Trace:
#0 /var/www/test.dev/buildmaxcake2-v2/lib/Cake/Error/ErrorHandler.php(203): ErrorHandler::handleFatalError(1, 'Call to a membe...', '/var/www/test.d...', 27)
#1 [internal function]: ErrorHandler::handleError(1, 'Call to a membe...', '/var/www/test.d...', 27, Array)
#2 /var/www/test.dev/buildmaxcake2-v2/lib/Cake/Core/App.php(931): call_user_func('ErrorHandler::h...', 1, 'Call to a membe...', '/var/www/test.d...', 27, Array)
#3 /var/www/test.dev/buildmaxcake2-v2/lib/Cake/Core/App.php(904): App::_checkFatalError()
#4 [internal function]: App::shutdown()
#5 {main}
2015-05-22 09:59:06 Error: Fatal Error (1): Call to a member function allow() on a non-object in [/var/www/test.dev/buildmaxcake2-v2/app/Controller/ParticipantsController.php, line 27]
2015-05-22 09:59:06 Error: [FatalErrorException] Call to a member function allow() on a non-object
Request URL: /participants
Stack Trace:
#0 /var/www/test.dev/buildmaxcake2-v2/lib/Cake/Error/ErrorHandler.php(203): ErrorHandler::handleFatalError(1, 'Call to a membe...', '/var/www/test.d...', 27)
#1 [internal function]: ErrorHandler::handleError(1, 'Call to a membe...', '/var/www/test.d...', 27, Array)
#2 /var/www/test.dev/buildmaxcake2-v2/lib/Cake/Core/App.php(931): call_user_func('ErrorHandler::h...', 1, 'Call to a membe...', '/var/www/test.d...', 27, Array)
#3 /var/www/test.dev/buildmaxcake2-v2/lib/Cake/Core/App.php(904): App::_checkFatalError()
#4 [internal function]: App::shutdown()
#5 {main}
2015-05-22 10:01:01 Error: Fatal Error (1): Call to a member function allow() on a non-object in [/var/www/test.dev/buildmaxcake2-v2/app/Controller/ParticipantsController.php, line 27]
2015-05-22 10:01:01 Error: [FatalErrorException] Call to a member function allow() on a non-object
Request URL: /participants
Stack Trace:
#0 /var/www/test.dev/buildmaxcake2-v2/lib/Cake/Error/ErrorHandler.php(203): ErrorHandler::handleFatalError(1, 'Call to a membe...', '/var/www/test.d...', 27)
#1 [internal function]: ErrorHandler::handleError(1, 'Call to a membe...', '/var/www/test.d...', 27, Array)
#2 /var/www/test.dev/buildmaxcake2-v2/lib/Cake/Core/App.php(931): call_user_func('ErrorHandler::h...', 1, 'Call to a membe...', '/var/www/test.d...', 27, Array)
#3 /var/www/test.dev/buildmaxcake2-v2/lib/Cake/Core/App.php(904): App::_checkFatalError()
#4 [internal function]: App::shutdown()
#5 {main}
2015-05-22 10:11:36 Error: [MissingControllerException] Controller class Currentsetting.htmController could not be found.
Exception Attributes: array (
  'class' => 'Currentsetting.htmController',
  'plugin' => NULL,
)
Request URL: /currentsetting.htm
Stack Trace:
#0 /var/www/test.dev/buildmaxcake2-v2/app/webroot/index.php(118): Dispatcher->dispatch(Object(CakeRequest), Object(CakeResponse))
#1 {main}
2015-05-27 18:47:02 Error: [MissingControllerException] Controller class JsController could not be found.
Exception Attributes: array (
  'class' => 'JsController',
  'plugin' => NULL,
)
Request URL: /js/bootstrap-theme.min.js
Stack Trace:
#0 /var/www/buildmaxcake2-v2/app/webroot/index.php(118): Dispatcher->dispatch(Object(CakeRequest), Object(CakeResponse))
#1 {main}
2015-05-29 23:01:19 Error: [MissingHelperException] Helper class SearchHelper could not be found.
Exception Attributes: array (
  'class' => 'SearchHelper',
  'plugin' => false,
)
Request URL: /cities
Stack Trace:
#0 /var/www/buildmaxcake2-v2/lib/Cake/View/HelperCollection.php(63): HelperCollection->load('Search')
#1 /var/www/buildmaxcake2-v2/lib/Cake/View/View.php(848): HelperCollection->__isset('Search')
#2 /var/www/buildmaxcake2-v2/app/View/Cities/index.ctp(23): View->__get('Search')
#3 /var/www/buildmaxcake2-v2/lib/Cake/View/View.php(961): include('/var/www/buildm...')
#4 /var/www/buildmaxcake2-v2/lib/Cake/View/View.php(923): View->_evaluate('/var/www/buildm...', Array)
#5 /var/www/buildmaxcake2-v2/lib/Cake/View/View.php(473): View->_render('/var/www/buildm...')
#6 /var/www/buildmaxcake2-v2/lib/Cake/Controller/Controller.php(959): View->render(NULL, NULL)
#7 /var/www/buildmaxcake2-v2/lib/Cake/Routing/Dispatcher.php(200): Controller->render()
#8 /var/www/buildmaxcake2-v2/lib/Cake/Routing/Dispatcher.php(167): Dispatcher->_invoke(Object(CitiesController), Object(CakeRequest))
#9 /var/www/buildmaxcake2-v2/app/webroot/index.php(118): Dispatcher->dispatch(Object(CakeRequest), Object(CakeResponse))
#10 {main}
2015-05-29 23:02:54 Error: Fatal Error (1): Call to a member function addFilters() on a non-object in [/var/www/buildmaxcake2-v2/app/Controller/CitiesController.php, line 34]
2015-05-29 23:02:54 Error: [FatalErrorException] Call to a member function addFilters() on a non-object
Request URL: /cities
Stack Trace:
#0 /var/www/buildmaxcake2-v2/lib/Cake/Error/ErrorHandler.php(203): ErrorHandler::handleFatalError(1, 'Call to a membe...', '/var/www/buildm...', 34)
#1 [internal function]: ErrorHandler::handleError(1, 'Call to a membe...', '/var/www/buildm...', 34, Array)
#2 /var/www/buildmaxcake2-v2/lib/Cake/Core/App.php(931): call_user_func('ErrorHandler::h...', 1, 'Call to a membe...', '/var/www/buildm...', 34, Array)
#3 /var/www/buildmaxcake2-v2/lib/Cake/Core/App.php(904): App::_checkFatalError()
#4 [internal function]: App::shutdown()
#5 {main}
2015-05-29 23:02:54 Error: Fatal Error (1): Call to a member function addFilters() on a non-object in [/var/www/buildmaxcake2-v2/app/Controller/CitiesController.php, line 34]
2015-05-29 23:02:54 Error: [FatalErrorException] Call to a member function addFilters() on a non-object
Request URL: /cities
Stack Trace:
#0 /var/www/buildmaxcake2-v2/lib/Cake/Error/ErrorHandler.php(203): ErrorHandler::handleFatalError(1, 'Call to a membe...', '/var/www/buildm...', 34)
#1 [internal function]: ErrorHandler::handleError(1, 'Call to a membe...', '/var/www/buildm...', 34, Array)
#2 /var/www/buildmaxcake2-v2/lib/Cake/Core/App.php(931): call_user_func('ErrorHandler::h...', 1, 'Call to a membe...', '/var/www/buildm...', 34, Array)
#3 /var/www/buildmaxcake2-v2/lib/Cake/Core/App.php(904): App::_checkFatalError()
#4 [internal function]: App::shutdown()
#5 {main}
2015-05-29 23:03:19 Error: Fatal Error (1): Call to a member function addFilters() on a non-object in [/var/www/buildmaxcake2-v2/app/Controller/CitiesController.php, line 34]
2015-05-29 23:03:19 Error: [FatalErrorException] Call to a member function addFilters() on a non-object
Request URL: /cities
Stack Trace:
#0 /var/www/buildmaxcake2-v2/lib/Cake/Error/ErrorHandler.php(203): ErrorHandler::handleFatalError(1, 'Call to a membe...', '/var/www/buildm...', 34)
#1 [internal function]: ErrorHandler::handleError(1, 'Call to a membe...', '/var/www/buildm...', 34, Array)
#2 /var/www/buildmaxcake2-v2/lib/Cake/Core/App.php(931): call_user_func('ErrorHandler::h...', 1, 'Call to a membe...', '/var/www/buildm...', 34, Array)
#3 /var/www/buildmaxcake2-v2/lib/Cake/Core/App.php(904): App::_checkFatalError()
#4 [internal function]: App::shutdown()
#5 {main}
2015-05-29 23:03:19 Error: Fatal Error (1): Call to a member function addFilters() on a non-object in [/var/www/buildmaxcake2-v2/app/Controller/CitiesController.php, line 34]
2015-05-29 23:03:19 Error: [FatalErrorException] Call to a member function addFilters() on a non-object
Request URL: /cities
Stack Trace:
#0 /var/www/buildmaxcake2-v2/lib/Cake/Error/ErrorHandler.php(203): ErrorHandler::handleFatalError(1, 'Call to a membe...', '/var/www/buildm...', 34)
#1 [internal function]: ErrorHandler::handleError(1, 'Call to a membe...', '/var/www/buildm...', 34, Array)
#2 /var/www/buildmaxcake2-v2/lib/Cake/Core/App.php(931): call_user_func('ErrorHandler::h...', 1, 'Call to a membe...', '/var/www/buildm...', 34, Array)
#3 /var/www/buildmaxcake2-v2/lib/Cake/Core/App.php(904): App::_checkFatalError()
#4 [internal function]: App::shutdown()
#5 {main}
2015-05-29 23:05:18 Error: Fatal Error (64): Cannot redeclare AppController::$helpers in [/var/www/buildmaxcake2-v2/app/Controller/AppController.php, line 71]
2015-05-29 23:05:18 Error: [FatalErrorException] Cannot redeclare AppController::$helpers
Request URL: /cities
Stack Trace:
#0 /var/www/buildmaxcake2-v2/lib/Cake/Error/ErrorHandler.php(203): ErrorHandler::handleFatalError(64, 'Cannot redeclar...', '/var/www/buildm...', 71)
#1 [internal function]: ErrorHandler::handleError(64, 'Cannot redeclar...', '/var/www/buildm...', 71, Array)
#2 /var/www/buildmaxcake2-v2/lib/Cake/Core/App.php(931): call_user_func('ErrorHandler::h...', 64, 'Cannot redeclar...', '/var/www/buildm...', 71, Array)
#3 /var/www/buildmaxcake2-v2/lib/Cake/Core/App.php(904): App::_checkFatalError()
#4 [internal function]: App::shutdown()
#5 {main}
2015-05-29 23:06:43 Error: [Exception] Serialization of 'Closure' is not allowed
Request URL: /cities
Stack Trace:
#0 /var/www/buildmaxcake2-v2/lib/Cake/Cache/Engine/FileEngine.php(130): serialize(Array)
#1 /var/www/buildmaxcake2-v2/lib/Cake/Cache/Cache.php(317): FileEngine->write('cake_toolbar_ca...', Array, 14400)
#2 /var/www/buildmaxcake2-v2/app/Plugin/DebugKit/Controller/Component/ToolbarComponent.php(501): Cache::write('toolbar_cache77...', Array, 'debug_kit')
#3 /var/www/buildmaxcake2-v2/app/Plugin/DebugKit/Controller/Component/ToolbarComponent.php(330): ToolbarComponent->_saveState(Object(CitiesController), Array)
#4 [internal function]: ToolbarComponent->beforeRender(Object(CitiesController))
#5 /var/www/buildmaxcake2-v2/lib/Cake/Utility/ObjectCollection.php(128): call_user_func_array(Array, Array)
#6 [internal function]: ObjectCollection->trigger(Object(CakeEvent))
#7 /var/www/buildmaxcake2-v2/lib/Cake/Event/CakeEventManager.php(243): call_user_func(Array, Object(CakeEvent))
#8 /var/www/buildmaxcake2-v2/lib/Cake/Controller/Controller.php(932): CakeEventManager->dispatch(Object(CakeEvent))
#9 /var/www/buildmaxcake2-v2/lib/Cake/Routing/Dispatcher.php(200): Controller->render()
#10 /var/www/buildmaxcake2-v2/lib/Cake/Routing/Dispatcher.php(167): Dispatcher->_invoke(Object(CitiesController), Object(CakeRequest))
#11 /var/www/buildmaxcake2-v2/app/webroot/index.php(118): Dispatcher->dispatch(Object(CakeRequest), Object(CakeResponse))
#12 {main}
2015-05-29 23:06:43 Error: [Exception] Serialization of 'Closure' is not allowed
Request URL: /cities
Stack Trace:
#0 /var/www/buildmaxcake2-v2/lib/Cake/Cache/Engine/FileEngine.php(130): serialize(Array)
#1 /var/www/buildmaxcake2-v2/lib/Cake/Cache/Cache.php(317): FileEngine->write('cake_toolbar_ca...', Array, 14400)
#2 /var/www/buildmaxcake2-v2/app/Plugin/DebugKit/Controller/Component/ToolbarComponent.php(501): Cache::write('toolbar_cache77...', Array, 'debug_kit')
#3 /var/www/buildmaxcake2-v2/app/Plugin/DebugKit/Controller/Component/ToolbarComponent.php(330): ToolbarComponent->_saveState(Object(CitiesController), Array)
#4 [internal function]: ToolbarComponent->beforeRender(Object(CitiesController))
#5 /var/www/buildmaxcake2-v2/lib/Cake/Utility/ObjectCollection.php(128): call_user_func_array(Array, Array)
#6 [internal function]: ObjectCollection->trigger(Object(CakeEvent))
#7 /var/www/buildmaxcake2-v2/lib/Cake/Event/CakeEventManager.php(243): call_user_func(Array, Object(CakeEvent))
#8 /var/www/buildmaxcake2-v2/lib/Cake/Controller/Controller.php(932): CakeEventManager->dispatch(Object(CakeEvent))
#9 /var/www/buildmaxcake2-v2/lib/Cake/Routing/Dispatcher.php(200): Controller->render()
#10 /var/www/buildmaxcake2-v2/lib/Cake/Routing/Dispatcher.php(167): Dispatcher->_invoke(Object(CitiesController), Object(CakeRequest))
#11 /var/www/buildmaxcake2-v2/app/webroot/index.php(118): Dispatcher->dispatch(Object(CakeRequest), Object(CakeResponse))
#12 {main}
2015-05-29 23:32:41 Error: [MissingControllerException] Controller class StateController could not be found.
Exception Attributes: array (
  'class' => 'StateController',
  'plugin' => NULL,
)
Request URL: /state
Stack Trace:
#0 /var/www/buildmaxcake2-v2/app/webroot/index.php(118): Dispatcher->dispatch(Object(CakeRequest), Object(CakeResponse))
#1 {main}
2015-05-29 23:42:46 Error: [MissingActionException] Action StatesController::getByState_rentalowner() could not be found.
Exception Attributes: array (
  'controller' => 'StatesController',
  'action' => 'getByState_rentalowner',
)
Request URL: /states/getByState_rentalowner
Stack Trace:
#0 /var/www/buildmaxcake2-v2/lib/Cake/Routing/Dispatcher.php(193): Controller->invokeAction(Object(CakeRequest))
#1 /var/www/buildmaxcake2-v2/lib/Cake/Routing/Dispatcher.php(167): Dispatcher->_invoke(Object(StatesController), Object(CakeRequest))
#2 /var/www/buildmaxcake2-v2/app/webroot/index.php(118): Dispatcher->dispatch(Object(CakeRequest), Object(CakeResponse))
#3 {main}
2015-05-29 23:42:55 Error: [MissingActionException] Action StatesController::getByState_rentalowner() could not be found.
Exception Attributes: array (
  'controller' => 'StatesController',
  'action' => 'getByState_rentalowner',
)
Request URL: /states/getByState_rentalowner
Stack Trace:
#0 /var/www/buildmaxcake2-v2/lib/Cake/Routing/Dispatcher.php(193): Controller->invokeAction(Object(CakeRequest))
#1 /var/www/buildmaxcake2-v2/lib/Cake/Routing/Dispatcher.php(167): Dispatcher->_invoke(Object(StatesController), Object(CakeRequest))
#2 /var/www/buildmaxcake2-v2/app/webroot/index.php(118): Dispatcher->dispatch(Object(CakeRequest), Object(CakeResponse))
#3 {main}
2015-05-29 23:56:14 Error: [MissingControllerException] Controller class UnitsController could not be found.
Exception Attributes: array (
  'class' => 'UnitsController',
  'plugin' => NULL,
)
Request URL: /units
Stack Trace:
#0 /var/www/buildmaxcake2-v2/app/webroot/index.php(118): Dispatcher->dispatch(Object(CakeRequest), Object(CakeResponse))
#1 {main}
2015-05-29 23:58:56 Error: [MissingViewException] View file "Sizes/index.ctp" is missing.
Exception Attributes: array (
  'file' => 'Sizes/index.ctp',
)
Request URL: /sizes
Stack Trace:
#0 /var/www/buildmaxcake2-v2/lib/Cake/View/View.php(470): View->_getViewFileName(NULL)
#1 /var/www/buildmaxcake2-v2/lib/Cake/Controller/Controller.php(959): View->render(NULL, NULL)
#2 /var/www/buildmaxcake2-v2/lib/Cake/Routing/Dispatcher.php(200): Controller->render()
#3 /var/www/buildmaxcake2-v2/lib/Cake/Routing/Dispatcher.php(167): Dispatcher->_invoke(Object(SizesController), Object(CakeRequest))
#4 /var/www/buildmaxcake2-v2/app/webroot/index.php(118): Dispatcher->dispatch(Object(CakeRequest), Object(CakeResponse))
#5 {main}
2015-05-30 01:34:12 Error: [MissingViewException] View file "ApplicationsLeases/add.ctp" is missing.
Exception Attributes: array (
  'file' => 'ApplicationsLeases/add.ctp',
)
Request URL: /applications_leases/add
Stack Trace:
#0 /var/www/buildmaxcake2-v2/lib/Cake/View/View.php(470): View->_getViewFileName(NULL)
#1 /var/www/buildmaxcake2-v2/lib/Cake/Controller/Controller.php(959): View->render(NULL, NULL)
#2 /var/www/buildmaxcake2-v2/lib/Cake/Routing/Dispatcher.php(200): Controller->render()
#3 /var/www/buildmaxcake2-v2/lib/Cake/Routing/Dispatcher.php(167): Dispatcher->_invoke(Object(ApplicationsLeasesController), Object(CakeRequest))
#4 /var/www/buildmaxcake2-v2/app/webroot/index.php(118): Dispatcher->dispatch(Object(CakeRequest), Object(CakeResponse))
#5 {main}
2015-05-30 07:56:43 Error: [MissingViewException] View file "Sizes/index.ctp" is missing.
Exception Attributes: array (
  'file' => 'Sizes/index.ctp',
)
Request URL: /sizes
Stack Trace:
#0 /var/www/buildmaxcake2-v2/lib/Cake/View/View.php(470): View->_getViewFileName(NULL)
#1 /var/www/buildmaxcake2-v2/lib/Cake/Controller/Controller.php(959): View->render(NULL, NULL)
#2 /var/www/buildmaxcake2-v2/lib/Cake/Routing/Dispatcher.php(200): Controller->render()
#3 /var/www/buildmaxcake2-v2/lib/Cake/Routing/Dispatcher.php(167): Dispatcher->_invoke(Object(SizesController), Object(CakeRequest))
#4 /var/www/buildmaxcake2-v2/app/webroot/index.php(118): Dispatcher->dispatch(Object(CakeRequest), Object(CakeResponse))
#5 {main}
2015-05-30 08:22:51 Error: [MissingViewException] View file "ApplicationsLeases/index.ctp" is missing.
Exception Attributes: array (
  'file' => 'ApplicationsLeases/index.ctp',
)
Request URL: /applications_leases
Stack Trace:
#0 /var/www/buildmaxcake2-v2/lib/Cake/View/View.php(470): View->_getViewFileName(NULL)
#1 /var/www/buildmaxcake2-v2/lib/Cake/Controller/Controller.php(959): View->render(NULL, NULL)
#2 /var/www/buildmaxcake2-v2/lib/Cake/Routing/Dispatcher.php(200): Controller->render()
#3 /var/www/buildmaxcake2-v2/lib/Cake/Routing/Dispatcher.php(167): Dispatcher->_invoke(Object(ApplicationsLeasesController), Object(CakeRequest))
#4 /var/www/buildmaxcake2-v2/app/webroot/index.php(118): Dispatcher->dispatch(Object(CakeRequest), Object(CakeResponse))
#5 {main}
2015-05-30 08:23:03 Error: [MissingViewException] View file "ApplicationsLeases/add.ctp" is missing.
Exception Attributes: array (
  'file' => 'ApplicationsLeases/add.ctp',
)
Request URL: /applications_leases/add
Stack Trace:
#0 /var/www/buildmaxcake2-v2/lib/Cake/View/View.php(470): View->_getViewFileName(NULL)
#1 /var/www/buildmaxcake2-v2/lib/Cake/Controller/Controller.php(959): View->render(NULL, NULL)
#2 /var/www/buildmaxcake2-v2/lib/Cake/Routing/Dispatcher.php(200): Controller->render()
#3 /var/www/buildmaxcake2-v2/lib/Cake/Routing/Dispatcher.php(167): Dispatcher->_invoke(Object(ApplicationsLeasesController), Object(CakeRequest))
#4 /var/www/buildmaxcake2-v2/app/webroot/index.php(118): Dispatcher->dispatch(Object(CakeRequest), Object(CakeResponse))
#5 {main}
2015-05-30 08:23:26 Error: [MissingViewException] View file "ApplicationsLeases/index.ctp" is missing.
Exception Attributes: array (
  'file' => 'ApplicationsLeases/index.ctp',
)
Request URL: /applications_leases
Stack Trace:
#0 /var/www/buildmaxcake2-v2/lib/Cake/View/View.php(470): View->_getViewFileName(NULL)
#1 /var/www/buildmaxcake2-v2/lib/Cake/Controller/Controller.php(959): View->render(NULL, NULL)
#2 /var/www/buildmaxcake2-v2/lib/Cake/Routing/Dispatcher.php(200): Controller->render()
#3 /var/www/buildmaxcake2-v2/lib/Cake/Routing/Dispatcher.php(167): Dispatcher->_invoke(Object(ApplicationsLeasesController), Object(CakeRequest))
#4 /var/www/buildmaxcake2-v2/app/webroot/index.php(118): Dispatcher->dispatch(Object(CakeRequest), Object(CakeResponse))
#5 {main}
2015-05-30 08:23:32 Error: [MissingViewException] View file "ApplicationsLeases/index.ctp" is missing.
Exception Attributes: array (
  'file' => 'ApplicationsLeases/index.ctp',
)
Request URL: /applications_leases
Stack Trace:
#0 /var/www/buildmaxcake2-v2/lib/Cake/View/View.php(470): View->_getViewFileName(NULL)
#1 /var/www/buildmaxcake2-v2/lib/Cake/Controller/Controller.php(959): View->render(NULL, NULL)
#2 /var/www/buildmaxcake2-v2/lib/Cake/Routing/Dispatcher.php(200): Controller->render()
#3 /var/www/buildmaxcake2-v2/lib/Cake/Routing/Dispatcher.php(167): Dispatcher->_invoke(Object(ApplicationsLeasesController), Object(CakeRequest))
#4 /var/www/buildmaxcake2-v2/app/webroot/index.php(118): Dispatcher->dispatch(Object(CakeRequest), Object(CakeResponse))
#5 {main}
2015-05-30 08:23:36 Error: [MissingViewException] View file "ApplicationsLeases/add.ctp" is missing.
Exception Attributes: array (
  'file' => 'ApplicationsLeases/add.ctp',
)
Request URL: /applications_leases/add
Stack Trace:
#0 /var/www/buildmaxcake2-v2/lib/Cake/View/View.php(470): View->_getViewFileName(NULL)
#1 /var/www/buildmaxcake2-v2/lib/Cake/Controller/Controller.php(959): View->render(NULL, NULL)
#2 /var/www/buildmaxcake2-v2/lib/Cake/Routing/Dispatcher.php(200): Controller->render()
#3 /var/www/buildmaxcake2-v2/lib/Cake/Routing/Dispatcher.php(167): Dispatcher->_invoke(Object(ApplicationsLeasesController), Object(CakeRequest))
#4 /var/www/buildmaxcake2-v2/app/webroot/index.php(118): Dispatcher->dispatch(Object(CakeRequest), Object(CakeResponse))
#5 {main}
2015-05-30 08:26:49 Error: [MissingViewException] View file "Sizes/index.ctp" is missing.
Exception Attributes: array (
  'file' => 'Sizes/index.ctp',
)
Request URL: /sizes
Stack Trace:
#0 /var/www/buildmaxcake2-v2/lib/Cake/View/View.php(470): View->_getViewFileName(NULL)
#1 /var/www/buildmaxcake2-v2/lib/Cake/Controller/Controller.php(959): View->render(NULL, NULL)
#2 /var/www/buildmaxcake2-v2/lib/Cake/Routing/Dispatcher.php(200): Controller->render()
#3 /var/www/buildmaxcake2-v2/lib/Cake/Routing/Dispatcher.php(167): Dispatcher->_invoke(Object(SizesController), Object(CakeRequest))
#4 /var/www/buildmaxcake2-v2/app/webroot/index.php(118): Dispatcher->dispatch(Object(CakeRequest), Object(CakeResponse))
#5 {main}
2015-05-30 08:31:50 Error: [MissingControllerException] Controller class UsersController could not be found.
Exception Attributes: array (
  'class' => 'UsersController',
  'plugin' => NULL,
)
Request URL: /users
Stack Trace:
#0 /var/www/buildmaxcake2-v2/app/webroot/index.php(118): Dispatcher->dispatch(Object(CakeRequest), Object(CakeResponse))
#1 {main}
2015-05-30 08:31:53 Error: [MissingControllerException] Controller class UserController could not be found.
Exception Attributes: array (
  'class' => 'UserController',
  'plugin' => NULL,
)
Request URL: /user
Stack Trace:
#0 /var/www/buildmaxcake2-v2/app/webroot/index.php(118): Dispatcher->dispatch(Object(CakeRequest), Object(CakeResponse))
#1 {main}
2015-05-30 08:32:04 Error: [MissingControllerException] Controller class JsController could not be found.
Exception Attributes: array (
  'class' => 'JsController',
  'plugin' => NULL,
)
Request URL: /js/bootstrap-theme.min.js
Stack Trace:
#0 /var/www/buildmaxcake2-v2/app/webroot/index.php(118): Dispatcher->dispatch(Object(CakeRequest), Object(CakeResponse))
#1 {main}
2015-05-30 08:32:04 Error: [MissingControllerException] Controller class JsController could not be found.
Exception Attributes: array (
  'class' => 'JsController',
  'plugin' => NULL,
)
Request URL: /js/bootstrap-theme.min.js
Stack Trace:
#0 /var/www/buildmaxcake2-v2/app/webroot/index.php(118): Dispatcher->dispatch(Object(CakeRequest), Object(CakeResponse))
#1 {main}
2015-05-30 08:32:28 Error: [MissingControllerException] Controller class JsController could not be found.
Exception Attributes: array (
  'class' => 'JsController',
  'plugin' => NULL,
)
Request URL: /js/bootstrap-theme.min.js
Stack Trace:
#0 /var/www/buildmaxcake2-v2/app/webroot/index.php(118): Dispatcher->dispatch(Object(CakeRequest), Object(CakeResponse))
#1 {main}
2015-05-30 08:32:32 Error: [MissingControllerException] Controller class JsController could not be found.
Exception Attributes: array (
  'class' => 'JsController',
  'plugin' => NULL,
)
Request URL: /js/bootstrap-theme.min.js
Stack Trace:
#0 /var/www/buildmaxcake2-v2/app/webroot/index.php(118): Dispatcher->dispatch(Object(CakeRequest), Object(CakeResponse))
#1 {main}
2015-05-30 08:32:32 Error: [MissingControllerException] Controller class JsController could not be found.
Exception Attributes: array (
  'class' => 'JsController',
  'plugin' => NULL,
)
Request URL: /js/bootstrap-theme.min.js
Stack Trace:
#0 /var/www/buildmaxcake2-v2/app/webroot/index.php(118): Dispatcher->dispatch(Object(CakeRequest), Object(CakeResponse))
#1 {main}
2015-05-30 08:32:49 Error: [MissingControllerException] Controller class JsController could not be found.
Exception Attributes: array (
  'class' => 'JsController',
  'plugin' => NULL,
)
Request URL: /js/bootstrap-theme.min.js
Stack Trace:
#0 /var/www/buildmaxcake2-v2/app/webroot/index.php(118): Dispatcher->dispatch(Object(CakeRequest), Object(CakeResponse))
#1 {main}
2015-05-30 08:32:49 Error: [MissingControllerException] Controller class JsController could not be found.
Exception Attributes: array (
  'class' => 'JsController',
  'plugin' => NULL,
)
Request URL: /js/bootstrap-theme.min.js
Stack Trace:
#0 /var/www/buildmaxcake2-v2/app/webroot/index.php(118): Dispatcher->dispatch(Object(CakeRequest), Object(CakeResponse))
#1 {main}
2015-05-30 08:33:10 Error: [MissingControllerException] Controller class JsController could not be found.
Exception Attributes: array (
  'class' => 'JsController',
  'plugin' => NULL,
)
Request URL: /js/bootstrap-theme.min.js
Stack Trace:
#0 /var/www/buildmaxcake2-v2/app/webroot/index.php(118): Dispatcher->dispatch(Object(CakeRequest), Object(CakeResponse))
#1 {main}
2015-05-30 08:33:10 Error: [MissingControllerException] Controller class JsController could not be found.
Exception Attributes: array (
  'class' => 'JsController',
  'plugin' => NULL,
)
Request URL: /js/bootstrap-theme.min.js
Stack Trace:
#0 /var/www/buildmaxcake2-v2/app/webroot/index.php(118): Dispatcher->dispatch(Object(CakeRequest), Object(CakeResponse))
#1 {main}
2015-05-30 08:33:11 Error: [MissingControllerException] Controller class JsController could not be found.
Exception Attributes: array (
  'class' => 'JsController',
  'plugin' => NULL,
)
Request URL: /js/bootstrap-theme.min.js
Stack Trace:
#0 /var/www/buildmaxcake2-v2/app/webroot/index.php(118): Dispatcher->dispatch(Object(CakeRequest), Object(CakeResponse))
#1 {main}
2015-05-30 08:33:11 Error: [MissingControllerException] Controller class JsController could not be found.
Exception Attributes: array (
  'class' => 'JsController',
  'plugin' => NULL,
)
Request URL: /js/bootstrap-theme.min.js
Stack Trace:
#0 /var/www/buildmaxcake2-v2/app/webroot/index.php(118): Dispatcher->dispatch(Object(CakeRequest), Object(CakeResponse))
#1 {main}
2015-05-30 08:34:21 Error: [MissingControllerException] Controller class JsController could not be found.
Exception Attributes: array (
  'class' => 'JsController',
  'plugin' => NULL,
)
Request URL: /js/bootstrap-theme.min.js
Stack Trace:
#0 /var/www/buildmaxcake2-v2/app/webroot/index.php(118): Dispatcher->dispatch(Object(CakeRequest), Object(CakeResponse))
#1 {main}
2015-05-30 08:34:21 Error: [MissingControllerException] Controller class JsController could not be found.
Exception Attributes: array (
  'class' => 'JsController',
  'plugin' => NULL,
)
Request URL: /js/bootstrap-theme.min.js
Stack Trace:
#0 /var/www/buildmaxcake2-v2/app/webroot/index.php(118): Dispatcher->dispatch(Object(CakeRequest), Object(CakeResponse))
#1 {main}
2015-05-30 08:34:29 Error: Fatal Error (1): Call to undefined method FilterComponent::process() in [/var/www/buildmaxcake2-v2/app/Plugin/Authake/Controller/UsersController.php, line 28]
2015-05-30 08:34:29 Error: [FatalErrorException] Call to undefined method FilterComponent::process()
Request URL: /authake/users
Stack Trace:
#0 /var/www/buildmaxcake2-v2/lib/Cake/Error/ErrorHandler.php(203): ErrorHandler::handleFatalError(1, 'Call to undefin...', '/var/www/buildm...', 28)
#1 [internal function]: ErrorHandler::handleError(1, 'Call to undefin...', '/var/www/buildm...', 28, Array)
#2 /var/www/buildmaxcake2-v2/lib/Cake/Core/App.php(931): call_user_func('ErrorHandler::h...', 1, 'Call to undefin...', '/var/www/buildm...', 28, Array)
#3 /var/www/buildmaxcake2-v2/lib/Cake/Core/App.php(904): App::_checkFatalError()
#4 [internal function]: App::shutdown()
#5 {main}
2015-05-30 08:37:06 Error: Fatal Error (1): Call to undefined method FilterComponent::process() in [/var/www/buildmaxcake2-v2/app/Plugin/Authake/Controller/UsersController.php, line 28]
2015-05-30 08:37:06 Error: [FatalErrorException] Call to undefined method FilterComponent::process()
Request URL: /authake/users
Stack Trace:
#0 /var/www/buildmaxcake2-v2/lib/Cake/Error/ErrorHandler.php(203): ErrorHandler::handleFatalError(1, 'Call to undefin...', '/var/www/buildm...', 28)
#1 [internal function]: ErrorHandler::handleError(1, 'Call to undefin...', '/var/www/buildm...', 28, Array)
#2 /var/www/buildmaxcake2-v2/lib/Cake/Core/App.php(931): call_user_func('ErrorHandler::h...', 1, 'Call to undefin...', '/var/www/buildm...', 28, Array)
#3 /var/www/buildmaxcake2-v2/lib/Cake/Core/App.php(904): App::_checkFatalError()
#4 [internal function]: App::shutdown()
#5 {main}
2015-05-30 12:57:55 Error: [MissingControllerException] Controller class ContacttypesController could not be found.
Exception Attributes: array (
  'class' => 'ContacttypesController',
  'plugin' => NULL,
)
Request URL: /contacttypes
Stack Trace:
#0 /var/www/buildmaxcake2-v2/app/webroot/index.php(118): Dispatcher->dispatch(Object(CakeRequest), Object(CakeResponse))
#1 {main}
2015-05-30 12:57:59 Error: [MissingControllerException] Controller class ContacttypesController could not be found.
Exception Attributes: array (
  'class' => 'ContacttypesController',
  'plugin' => NULL,
)
Request URL: /contacttypes/add
Stack Trace:
#0 /var/www/buildmaxcake2-v2/app/webroot/index.php(118): Dispatcher->dispatch(Object(CakeRequest), Object(CakeResponse))
#1 {main}
2015-05-30 12:58:23 Error: [MissingControllerException] Controller class ContacttypesController could not be found.
Exception Attributes: array (
  'class' => 'ContacttypesController',
  'plugin' => NULL,
)
Request URL: /contacttypes
Stack Trace:
#0 /var/www/buildmaxcake2-v2/app/webroot/index.php(118): Dispatcher->dispatch(Object(CakeRequest), Object(CakeResponse))
#1 {main}
2015-05-30 12:58:26 Error: [MissingControllerException] Controller class ContacttypesController could not be found.
Exception Attributes: array (
  'class' => 'ContacttypesController',
  'plugin' => NULL,
)
Request URL: /contacttypes/add
Stack Trace:
#0 /var/www/buildmaxcake2-v2/app/webroot/index.php(118): Dispatcher->dispatch(Object(CakeRequest), Object(CakeResponse))
#1 {main}
2015-05-30 13:06:34 Error: [MissingControllerException] Controller class JsController could not be found.
Exception Attributes: array (
  'class' => 'JsController',
  'plugin' => NULL,
)
Request URL: /js/bootstrap-theme.min.js
Stack Trace:
#0 /var/www/buildmaxcake2-v2/app/webroot/index.php(118): Dispatcher->dispatch(Object(CakeRequest), Object(CakeResponse))
#1 {main}
2015-05-30 13:06:34 Error: [MissingControllerException] Controller class JsController could not be found.
Exception Attributes: array (
  'class' => 'JsController',
  'plugin' => NULL,
)
Request URL: /js/bootstrap-theme.min.js
Stack Trace:
#0 /var/www/buildmaxcake2-v2/app/webroot/index.php(118): Dispatcher->dispatch(Object(CakeRequest), Object(CakeResponse))
#1 {main}
2015-06-03 10:50:02 Error: [MissingControllerException] Controller class JsController could not be found.
Exception Attributes: array (
  'class' => 'JsController',
  'plugin' => NULL,
)
Request URL: /js/bootstrap-theme.min.js
Stack Trace:
#0 /var/www/buildmaxcake2-v2/app/webroot/index.php(118): Dispatcher->dispatch(Object(CakeRequest), Object(CakeResponse))
#1 {main}
2015-06-03 11:18:23 Error: [MissingControllerException] Controller class ClientsController could not be found.
Exception Attributes: array (
  'class' => 'ClientsController',
  'plugin' => 'ReportManager',
)
Request URL: /report_manager/clients
Stack Trace:
#0 /var/www/buildmaxcake2-v2/app/webroot/index.php(118): Dispatcher->dispatch(Object(CakeRequest), Object(CakeResponse))
#1 {main}
2015-06-03 11:18:29 Error: [MissingControllerException] Controller class ClientsController could not be found.
Exception Attributes: array (
  'class' => 'ClientsController',
  'plugin' => 'ReportManager',
)
Request URL: /report_manager/Clients
Stack Trace:
#0 /var/www/buildmaxcake2-v2/app/webroot/index.php(118): Dispatcher->dispatch(Object(CakeRequest), Object(CakeResponse))
#1 {main}
2015-06-03 11:28:40 Error: [MissingControllerException] Controller class ReportManagerController could not be found.
Exception Attributes: array (
  'class' => 'ReportManagerController',
  'plugin' => 'ReportManager',
)
Request URL: /report_manager/
Stack Trace:
#0 /var/www/buildmaxcake2-v2/app/webroot/index.php(118): Dispatcher->dispatch(Object(CakeRequest), Object(CakeResponse))
#1 {main}
2015-06-03 11:28:48 Error: [MissingControllerException] Controller class FinishController could not be found.
Exception Attributes: array (
  'class' => 'FinishController',
  'plugin' => 'ReportManager',
)
Request URL: /report_manager/finish
Stack Trace:
#0 /var/www/buildmaxcake2-v2/app/webroot/index.php(118): Dispatcher->dispatch(Object(CakeRequest), Object(CakeResponse))
#1 {main}
2015-06-03 11:29:30 Error: [MissingControllerException] Controller class ReportsControllerController could not be found.
Exception Attributes: array (
  'class' => 'ReportsControllerController',
  'plugin' => NULL,
)
Request URL: /ReportsController
Stack Trace:
#0 /var/www/buildmaxcake2-v2/app/webroot/index.php(118): Dispatcher->dispatch(Object(CakeRequest), Object(CakeResponse))
#1 {main}
2015-06-03 11:29:37 Error: [MissingControllerException] Controller class ReportsController could not be found.
Exception Attributes: array (
  'class' => 'ReportsController',
  'plugin' => NULL,
)
Request URL: /Reports
Stack Trace:
#0 /var/www/buildmaxcake2-v2/app/webroot/index.php(118): Dispatcher->dispatch(Object(CakeRequest), Object(CakeResponse))
#1 {main}
2015-06-03 11:31:09 Error: [MissingControllerException] Controller class JsController could not be found.
Exception Attributes: array (
  'class' => 'JsController',
  'plugin' => NULL,
)
Request URL: /js/bootstrap-theme.min.js
Stack Trace:
#0 /var/www/buildmaxcake2-v2/app/webroot/index.php(118): Dispatcher->dispatch(Object(CakeRequest), Object(CakeResponse))
#1 {main}
2015-06-03 11:31:09 Error: [MissingControllerException] Controller class JsController could not be found.
Exception Attributes: array (
  'class' => 'JsController',
  'plugin' => NULL,
)
Request URL: /js/bootstrap-theme.min.js
Stack Trace:
#0 /var/www/buildmaxcake2-v2/app/webroot/index.php(118): Dispatcher->dispatch(Object(CakeRequest), Object(CakeResponse))
#1 {main}
2015-06-03 11:35:06 Error: [MissingControllerException] Controller class ReportManagerController could not be found.
Exception Attributes: array (
  'class' => 'ReportManagerController',
  'plugin' => NULL,
)
Request URL: /ReportManager/js/index.js
Stack Trace:
#0 /var/www/buildmaxcake2-v2/app/webroot/index.php(118): Dispatcher->dispatch(Object(CakeRequest), Object(CakeResponse))
#1 {main}
2015-06-03 11:35:06 Error: [MissingControllerException] Controller class ReportManagerController could not be found.
Exception Attributes: array (
  'class' => 'ReportManagerController',
  'plugin' => NULL,
)
Request URL: /ReportManager/css/report_manager.css
Stack Trace:
#0 /var/www/buildmaxcake2-v2/app/webroot/index.php(118): Dispatcher->dispatch(Object(CakeRequest), Object(CakeResponse))
#1 {main}
2015-06-03 11:35:06 Error: [MissingControllerException] Controller class ReportManagerController could not be found.
Exception Attributes: array (
  'class' => 'ReportManagerController',
  'plugin' => NULL,
)
Request URL: /ReportManager/js/index.js
Stack Trace:
#0 /var/www/buildmaxcake2-v2/app/webroot/index.php(118): Dispatcher->dispatch(Object(CakeRequest), Object(CakeResponse))
#1 {main}
2015-06-03 11:35:06 Error: [MissingControllerException] Controller class ReportManagerController could not be found.
Exception Attributes: array (
  'class' => 'ReportManagerController',
  'plugin' => NULL,
)
Request URL: /ReportManager/css/report_manager.css
Stack Trace:
#0 /var/www/buildmaxcake2-v2/app/webroot/index.php(118): Dispatcher->dispatch(Object(CakeRequest), Object(CakeResponse))
#1 {main}
2015-06-03 11:35:08 Error: [MissingControllerException] Controller class ReportManagerController could not be found.
Exception Attributes: array (
  'class' => 'ReportManagerController',
  'plugin' => NULL,
)
Request URL: /ReportManager/js/index.js
Stack Trace:
#0 /var/www/buildmaxcake2-v2/app/webroot/index.php(118): Dispatcher->dispatch(Object(CakeRequest), Object(CakeResponse))
#1 {main}
2015-06-03 11:35:08 Error: [MissingControllerException] Controller class ReportManagerController could not be found.
Exception Attributes: array (
  'class' => 'ReportManagerController',
  'plugin' => NULL,
)
Request URL: /ReportManager/css/report_manager.css
Stack Trace:
#0 /var/www/buildmaxcake2-v2/app/webroot/index.php(118): Dispatcher->dispatch(Object(CakeRequest), Object(CakeResponse))
#1 {main}
2015-06-03 11:35:08 Error: [MissingControllerException] Controller class ReportManagerController could not be found.
Exception Attributes: array (
  'class' => 'ReportManagerController',
  'plugin' => NULL,
)
Request URL: /ReportManager/js/index.js
Stack Trace:
#0 /var/www/buildmaxcake2-v2/app/webroot/index.php(118): Dispatcher->dispatch(Object(CakeRequest), Object(CakeResponse))
#1 {main}
2015-06-03 11:35:08 Error: [MissingControllerException] Controller class ReportManagerController could not be found.
Exception Attributes: array (
  'class' => 'ReportManagerController',
  'plugin' => NULL,
)
Request URL: /ReportManager/css/report_manager.css
Stack Trace:
#0 /var/www/buildmaxcake2-v2/app/webroot/index.php(118): Dispatcher->dispatch(Object(CakeRequest), Object(CakeResponse))
#1 {main}
2015-06-03 11:35:09 Error: [MissingControllerException] Controller class ReportManagerController could not be found.
Exception Attributes: array (
  'class' => 'ReportManagerController',
  'plugin' => NULL,
)
Request URL: /ReportManager/js/index.js
Stack Trace:
#0 /var/www/buildmaxcake2-v2/app/webroot/index.php(118): Dispatcher->dispatch(Object(CakeRequest), Object(CakeResponse))
#1 {main}
2015-06-03 11:35:09 Error: [MissingControllerException] Controller class ReportManagerController could not be found.
Exception Attributes: array (
  'class' => 'ReportManagerController',
  'plugin' => NULL,
)
Request URL: /ReportManager/css/report_manager.css
Stack Trace:
#0 /var/www/buildmaxcake2-v2/app/webroot/index.php(118): Dispatcher->dispatch(Object(CakeRequest), Object(CakeResponse))
#1 {main}
2015-06-03 11:35:09 Error: [MissingControllerException] Controller class ReportManagerController could not be found.
Exception Attributes: array (
  'class' => 'ReportManagerController',
  'plugin' => NULL,
)
Request URL: /ReportManager/js/index.js
Stack Trace:
#0 /var/www/buildmaxcake2-v2/app/webroot/index.php(118): Dispatcher->dispatch(Object(CakeRequest), Object(CakeResponse))
#1 {main}
2015-06-03 11:35:09 Error: [MissingControllerException] Controller class ReportManagerController could not be found.
Exception Attributes: array (
  'class' => 'ReportManagerController',
  'plugin' => NULL,
)
Request URL: /ReportManager/css/report_manager.css
Stack Trace:
#0 /var/www/buildmaxcake2-v2/app/webroot/index.php(118): Dispatcher->dispatch(Object(CakeRequest), Object(CakeResponse))
#1 {main}
2015-06-03 11:35:10 Error: [MissingControllerException] Controller class ReportManagerController could not be found.
Exception Attributes: array (
  'class' => 'ReportManagerController',
  'plugin' => NULL,
)
Request URL: /ReportManager/js/index.js
Stack Trace:
#0 /var/www/buildmaxcake2-v2/app/webroot/index.php(118): Dispatcher->dispatch(Object(CakeRequest), Object(CakeResponse))
#1 {main}
2015-06-03 11:35:10 Error: [MissingControllerException] Controller class ReportManagerController could not be found.
Exception Attributes: array (
  'class' => 'ReportManagerController',
  'plugin' => NULL,
)
Request URL: /ReportManager/css/report_manager.css
Stack Trace:
#0 /var/www/buildmaxcake2-v2/app/webroot/index.php(118): Dispatcher->dispatch(Object(CakeRequest), Object(CakeResponse))
#1 {main}
2015-06-03 11:35:10 Error: [MissingControllerException] Controller class ReportManagerController could not be found.
Exception Attributes: array (
  'class' => 'ReportManagerController',
  'plugin' => NULL,
)
Request URL: /ReportManager/js/index.js
Stack Trace:
#0 /var/www/buildmaxcake2-v2/app/webroot/index.php(118): Dispatcher->dispatch(Object(CakeRequest), Object(CakeResponse))
#1 {main}
2015-06-03 11:35:10 Error: [MissingControllerException] Controller class ReportManagerController could not be found.
Exception Attributes: array (
  'class' => 'ReportManagerController',
  'plugin' => NULL,
)
Request URL: /ReportManager/css/report_manager.css
Stack Trace:
#0 /var/www/buildmaxcake2-v2/app/webroot/index.php(118): Dispatcher->dispatch(Object(CakeRequest), Object(CakeResponse))
#1 {main}
2015-06-03 11:35:23 Error: [MissingControllerException] Controller class ReportManagerController could not be found.
Exception Attributes: array (
  'class' => 'ReportManagerController',
  'plugin' => NULL,
)
Request URL: /ReportManager/js/index.js
Stack Trace:
#0 /var/www/buildmaxcake2-v2/app/webroot/index.php(118): Dispatcher->dispatch(Object(CakeRequest), Object(CakeResponse))
#1 {main}
2015-06-03 11:35:23 Error: [MissingControllerException] Controller class ReportManagerController could not be found.
Exception Attributes: array (
  'class' => 'ReportManagerController',
  'plugin' => NULL,
)
Request URL: /ReportManager/css/report_manager.css
Stack Trace:
#0 /var/www/buildmaxcake2-v2/app/webroot/index.php(118): Dispatcher->dispatch(Object(CakeRequest), Object(CakeResponse))
#1 {main}
2015-06-03 11:35:23 Error: [MissingControllerException] Controller class ReportManagerController could not be found.
Exception Attributes: array (
  'class' => 'ReportManagerController',
  'plugin' => NULL,
)
Request URL: /ReportManager/js/index.js
Stack Trace:
#0 /var/www/buildmaxcake2-v2/app/webroot/index.php(118): Dispatcher->dispatch(Object(CakeRequest), Object(CakeResponse))
#1 {main}
2015-06-03 11:35:23 Error: [MissingControllerException] Controller class ReportManagerController could not be found.
Exception Attributes: array (
  'class' => 'ReportManagerController',
  'plugin' => NULL,
)
Request URL: /ReportManager/css/report_manager.css
Stack Trace:
#0 /var/www/buildmaxcake2-v2/app/webroot/index.php(118): Dispatcher->dispatch(Object(CakeRequest), Object(CakeResponse))
#1 {main}
2015-06-03 11:35:31 Error: [MissingControllerException] Controller class ReportManagerController could not be found.
Exception Attributes: array (
  'class' => 'ReportManagerController',
  'plugin' => NULL,
)
Request URL: /ReportManager/css/report_manager.css
Stack Trace:
#0 /var/www/buildmaxcake2-v2/app/webroot/index.php(118): Dispatcher->dispatch(Object(CakeRequest), Object(CakeResponse))
#1 {main}
2015-06-03 12:09:12 Error: [MissingControllerException] Controller class JsController could not be found.
Exception Attributes: array (
  'class' => 'JsController',
  'plugin' => NULL,
)
Request URL: /js/bootstrap-theme.min.js
Stack Trace:
#0 /var/www/buildmaxcake2-v2/app/webroot/index.php(118): Dispatcher->dispatch(Object(CakeRequest), Object(CakeResponse))
#1 {main}
2015-06-03 19:09:51 Error: [MissingControllerException] Controller class JsController could not be found.
Exception Attributes: array (
  'class' => 'JsController',
  'plugin' => NULL,
)
Request URL: /js/bootstrap-theme.min.js
Stack Trace:
#0 /var/www/buildmaxcake2-v2/app/webroot/index.php(118): Dispatcher->dispatch(Object(CakeRequest), Object(CakeResponse))
#1 {main}
2015-06-03 19:17:44 Error: [MissingControllerException] Controller class VendorController could not be found.
Exception Attributes: array (
  'class' => 'VendorController',
  'plugin' => NULL,
)
Request URL: /vendor
Stack Trace:
#0 /var/www/buildmaxcake2-v2/app/webroot/index.php(118): Dispatcher->dispatch(Object(CakeRequest), Object(CakeResponse))
#1 {main}
2015-06-03 20:47:44 Error: [MissingControllerException] Controller class JsController could not be found.
Exception Attributes: array (
  'class' => 'JsController',
  'plugin' => NULL,
)
Request URL: /js/bootstrap-theme.min.js
Stack Trace:
#0 /var/www/buildmaxcake2-v2/app/webroot/index.php(118): Dispatcher->dispatch(Object(CakeRequest), Object(CakeResponse))
#1 {main}
2015-06-03 20:47:44 Error: [MissingControllerException] Controller class JsController could not be found.
Exception Attributes: array (
  'class' => 'JsController',
  'plugin' => NULL,
)
Request URL: /js/bootstrap-theme.min.js
Stack Trace:
#0 /var/www/buildmaxcake2-v2/app/webroot/index.php(118): Dispatcher->dispatch(Object(CakeRequest), Object(CakeResponse))
#1 {main}
2015-06-03 20:49:52 Error: [MissingControllerException] Controller class JsController could not be found.
Exception Attributes: array (
  'class' => 'JsController',
  'plugin' => NULL,
)
Request URL: /js/bootstrap-theme.min.js
Stack Trace:
#0 /var/www/buildmaxcake2-v2/app/webroot/index.php(118): Dispatcher->dispatch(Object(CakeRequest), Object(CakeResponse))
#1 {main}
2015-06-04 05:43:59 Error: [MissingControllerException] Controller class JsController could not be found.
Exception Attributes: array (
  'class' => 'JsController',
  'plugin' => NULL,
)
Request URL: /js/bootstrap-theme.min.js
Stack Trace:
#0 /var/www/landlord/app/webroot/index.php(118): Dispatcher->dispatch(Object(CakeRequest), Object(CakeResponse))
#1 {main}
